[2026-01-22 17:57:40] [INFO] Starting servers...
[2026-01-22 17:57:40] [INFO] Starting API Server on port 8000...
[2026-01-22 17:57:48] [INFO] API Server started
[2026-01-22 17:57:48] [INFO] Starting Frontend Server on port 8080...
[2026-01-22 17:57:50] [INFO] Frontend Server started
[2026-01-22 17:57:50] [INFO] All servers started successfully
[2026-01-22 18:00:55] [INFO] Starting servers...
[2026-01-22 18:00:55] [INFO] Starting API Server on port 8000...
[2026-01-22 18:01:02] [INFO] API Server started
[2026-01-22 18:01:02] [INFO] Starting Frontend Server on port 8080...
[2026-01-22 18:01:04] [INFO] Frontend Server started
[2026-01-22 18:01:04] [INFO] All servers started successfully
[2026-01-22 18:01:18] [INFO] Stopping all servers...
[2026-01-22 18:01:18] [INFO] Killing process 32636 on port 8000
[2026-01-22 18:01:20] [INFO] Found remaining process 32636 on port 8000, killing...
[2026-01-22 18:01:21] [INFO] Found remaining process 32636 on port 8000, killing...
[2026-01-22 18:01:22] [INFO] Found remaining process 32636 on port 8000, killing...
[2026-01-22 18:01:23] [INFO] Killing process 37168 on port 8080
[2026-01-22 18:01:25] [INFO] Found remaining process 16468 on port 8080, killing...
[2026-01-22 18:01:27] [INFO] Found remaining process 0 on port 8080, killing...
[2026-01-22 18:01:28] [INFO] Found remaining process 0 on port 8080, killing...
[2026-01-22 18:01:29] [INFO] All servers stopped
[2026-01-22 18:01:33] [INFO] Restarting all servers...
[2026-01-22 18:01:33] [INFO] Stopping all servers...
[2026-01-22 18:01:34] [INFO] Killing process 32636 on port 8000
[2026-01-22 18:01:36] [INFO] Found remaining process 32636 on port 8000, killing...
[2026-01-22 18:01:37] [INFO] Found remaining process 32636 on port 8000, killing...
[2026-01-22 18:01:38] [INFO] Found remaining process 32636 on port 8000, killing...
[2026-01-22 18:01:39] [INFO] Killing process 0 on port 8080
[2026-01-22 18:01:41] [INFO] Found remaining process 0 on port 8080, killing...
[2026-01-22 18:01:42] [INFO] Found remaining process 0 on port 8080, killing...
[2026-01-22 18:01:43] [INFO] Found remaining process 0 on port 8080, killing...
[2026-01-22 18:01:44] [INFO] All servers stopped
[2026-01-22 18:01:46] [INFO] Starting servers...
[2026-01-22 18:01:46] [INFO] Starting API Server on port 8000...
[2026-01-22 18:01:51] [INFO] API Server started
[2026-01-22 18:01:51] [INFO] Starting Frontend Server on port 8080...
[2026-01-22 18:01:53] [INFO] Frontend Server started
[2026-01-22 18:01:53] [INFO] All servers started successfully
[2026-01-22 18:04:58] [INFO] Restarting all servers...
[2026-01-22 18:04:58] [INFO] Stopping all servers...
[2026-01-22 18:04:58] [INFO] Killing process 32636 on port 8000
[2026-01-22 18:05:00] [INFO] Found remaining process 32636 on port 8000, killing...
[2026-01-22 18:05:02] [INFO] Found remaining process 32636 on port 8000, killing...
[2026-01-22 18:05:03] [INFO] Found remaining process 32636 on port 8000, killing...
[2026-01-22 18:05:04] [INFO] Killing process 34640 on port 8080
[2026-01-22 18:05:06] [INFO] All servers stopped
[2026-01-22 18:05:08] [INFO] Starting servers...
[2026-01-22 18:05:08] [INFO] Starting API Server on port 8000...
[2026-01-22 18:05:15] [INFO] API Server started
[2026-01-22 18:05:15] [INFO] Starting Frontend Server on port 8080...
[2026-01-22 18:05:17] [INFO] Frontend Server started
[2026-01-22 18:05:17] [INFO] All servers started successfully
[2026-01-22 18:06:34] [INFO] Stopping all servers...
[2026-01-22 18:06:34] [INFO] Killing process 32636 on port 8000
[2026-01-22 18:06:36] [INFO] Found remaining process 32636 on port 8000, killing...
[2026-01-22 18:06:37] [INFO] Found remaining process 32636 on port 8000, killing...
[2026-01-22 18:06:38] [INFO] Found remaining process 32636 on port 8000, killing...
[2026-01-22 18:06:39] [INFO] Killing process 0 on port 8080
[2026-01-22 18:06:41] [INFO] Found remaining process 0 on port 8080, killing...
[2026-01-22 18:06:43] [INFO] Found remaining process 0 on port 8080, killing...
[2026-01-22 18:06:44] [INFO] Found remaining process 0 on port 8080, killing...
[2026-01-22 18:06:45] [INFO] All servers stopped
[2026-01-22 18:08:38] [INFO] Restarting all servers...
[2026-01-22 18:08:38] [INFO] Stopping all servers...
[2026-01-22 18:08:38] [INFO] Killing process 32636 on port 8000
[2026-01-22 18:08:40] [INFO] Found remaining process 32636 on port 8000, killing...
[2026-01-22 18:08:41] [INFO] Found remaining process 32636 on port 8000, killing...
[2026-01-22 18:08:42] [INFO] Found remaining process 32636 on port 8000, killing...
[2026-01-22 18:08:43] [INFO] No process found on port 8080
[2026-01-22 18:08:43] [INFO] All servers stopped
[2026-01-22 18:08:45] [INFO] Starting servers...
[2026-01-22 18:08:45] [INFO] Starting API Server on port 8000...
[2026-01-22 18:08:50] [INFO] API Server started
[2026-01-22 18:08:50] [INFO] Starting Frontend Server on port 8080...
[2026-01-22 18:08:52] [INFO] Frontend Server started
[2026-01-22 18:08:52] [INFO] All servers started successfully
[2026-01-22 18:13:05] [INFO] Restarting all servers...
[2026-01-22 18:13:05] [INFO] Stopping all servers...
[2026-01-22 18:13:05] [INFO] Killing process 26820 on port 8000
[2026-01-22 18:13:07] [INFO] Found remaining process 32636 on port 8000, killing...
[2026-01-22 18:13:08] [INFO] Found remaining process 32636 on port 8000, killing...
[2026-01-22 18:13:09] [INFO] Found remaining process 32636 on port 8000, killing...
[2026-01-22 18:13:10] [INFO] Killing process 22996 on port 8080
[2026-01-22 18:13:12] [INFO] Found remaining process 0 on port 8080, killing...
[2026-01-22 18:13:13] [INFO] Found remaining process 0 on port 8080, killing...
[2026-01-22 18:13:14] [INFO] Found remaining process 0 on port 8080, killing...
[2026-01-22 18:13:15] [INFO] All servers stopped
[2026-01-22 18:13:17] [INFO] Starting servers...
[2026-01-22 18:13:17] [INFO] Starting API Server on port 8000...
[2026-01-22 18:13:22] [INFO] API Server started
[2026-01-22 18:13:22] [INFO] Starting Frontend Server on port 8080...
[2026-01-22 18:13:24] [INFO] Frontend Server started
[2026-01-22 18:13:24] [INFO] All servers started successfully
[2026-01-22 18:22:38] [INFO] Restarting all servers...
[2026-01-22 18:22:38] [INFO] Stopping all servers...
[2026-01-22 18:22:38] [INFO] Killing process 32636 on port 8000
[2026-01-22 18:22:40] [INFO] Found remaining process 32636 on port 8000, killing...
[2026-01-22 18:22:41] [INFO] Found remaining process 32636 on port 8000, killing...
[2026-01-22 18:22:42] [INFO] Found remaining process 32636 on port 8000, killing...
[2026-01-22 18:22:43] [INFO] Killing process 32876 on port 8080
[2026-01-22 18:22:45] [INFO] Found remaining process 29752 on port 8080, killing...
[2026-01-22 18:22:46] [INFO] Found remaining process 29752 on port 8080, killing...
[2026-01-22 18:22:47] [INFO] Found remaining process 29752 on port 8080, killing...
[2026-01-22 18:22:48] [INFO] All servers stopped
[2026-01-22 18:22:50] [INFO] Starting servers...
[2026-01-22 18:22:50] [INFO] Starting API Server on port 8000...
[2026-01-22 18:22:58] [INFO] API Server started
[2026-01-22 18:22:58] [INFO] Starting Frontend Server on port 8080...
[2026-01-22 18:23:00] [INFO] Frontend Server started
[2026-01-22 18:23:00] [INFO] All servers started successfully
[2026-01-22 18:49:37] [INFO] Restarting all servers...
[2026-01-22 18:49:37] [INFO] Stopping all servers...
[2026-01-22 18:49:37] [INFO] No process found on port 8000
[2026-01-22 18:49:37] [INFO] Killing process 2928 on port 8080
[2026-01-22 18:49:39] [INFO] Found remaining process 2928 on port 8080, killing...
[2026-01-22 18:49:40] [INFO] Found remaining process 2928 on port 8080, killing...
[2026-01-22 18:49:41] [INFO] Found remaining process 33724 on port 8080, killing...
[2026-01-22 18:49:42] [INFO] All servers stopped
[2026-01-22 18:49:44] [INFO] Starting servers...
[2026-01-22 18:49:44] [INFO] Starting API Server on port 8000...
[2026-01-22 18:49:54] [ERROR] API Server failed to start
[2026-01-22 18:49:54] [INFO] Starting Frontend Server on port 8080...
[2026-01-22 18:49:56] [INFO] Frontend Server started
[2026-01-22 18:49:56] [ERROR] Some servers failed to start
